<?xml version="1.0" encoding="UTF-8"?>
<!-- Generated by org.testng.reporters.JUnitReportReporter -->
<testsuite skipped="0" hostname="Avinashs-MacBook-Pro.local" name="SampleTest" tests="1" failures="0" timestamp="2022-06-08T18:55:23 IST" time="2.902" errors="0">
  <testcase name="TestApp" time="2.902" classname="SampleTest"/>
  <system-out/>
</testsuite> <!-- SampleTest -->
